f:\game\newbot\release\vc120.pdb
f:\game\newbot\release\gamecommander.obj
f:\game\newbot\release\squadbuild.obj
f:\game\newbot\release\squadproduce.obj
f:\game\newbot\release\buildordermanager.obj
f:\game\newbot\release\newbot.obj
f:\game\newbot\release\squadgather.obj
f:\game\newbot\release\supplydepotmanager.obj
f:\game\newbot\release\dll.obj
f:\game\newbot\release\squadattack.obj
f:\game\newbot\release\squadscout.obj
f:\game\newbot\release\informationmanager.obj
f:\game\newbot\release\squad.obj
f:\game\newbot\release\squadmanager.obj
f:\game\newbot\release\newbot.dll
f:\game\newbot\release\newbot.pdb
f:\game\newbot\release\newbot.lib
f:\game\newbot\release\newbot.exp
f:\game\newbot\release\squadgathergas.obj
f:\game\newbot\release\squadgathermin.obj
f:\game\newbot\release\strategymanager.obj
f:\game\newbot\release\newbot.tlog\cl.command.1.tlog
f:\game\newbot\release\newbot.tlog\cl.read.1.tlog
f:\game\newbot\release\newbot.tlog\cl.write.1.tlog
f:\game\newbot\release\newbot.tlog\link.command.1.tlog
f:\game\newbot\release\newbot.tlog\link.read.1.tlog
f:\game\newbot\release\newbot.tlog\link.write.1.tlog
f:\game\newbot\release\newbot.tlog\newbot.write.1u.tlog
